<?xml version="1.0" encoding="UTF-8" ?>
<testsuite name="TestCafe Tests: Chrome 41.0.2227 / Mac OS X 10.10.1, Firefox 47 / Mac OS X 10.10.1" tests="6" failures="2" errors="2" time="925" timestamp="Thu, 01 Jan 1970 00:15:25 GMT" >
  <testcase classname="First fixture" name="First test in first fixture (unstable) (screenshots: /screenshots/1445437598847)" time="74" />
  <testcase classname="First fixture" name="Second test in first fixture (screenshots: /screenshots/1445437598847)" time="74" >
    <failure>
    <![CDATA[
      1) Chrome 41.0.2227 / Mac OS X 10.10.1
         Error on page "http://example.org":

         Some error

            1 |var createCallsiteRecord = require('callsite-record');
            2 |
            3 |function someFunc () {
          > 4 |    throw new Error('Hey ya!');
            5 |}
            6 |
            7 |try {
            8 |    someFunc();
            9 |}

            at someFunc (some-file:1:1)
            at Object.<anonymous> (some-file:1:1)
            at Object.<anonymous> (some-file:1:1)

         Screenshot: /screenshots/1445437598847/errors

      2) Firefox 47 / Mac OS X 10.10.1
         The specified selector does not match any element in the DOM tree.

            1 |var createCallsiteRecord = require('callsite-record');
            2 |
            3 |function someFunc () {
          > 4 |    throw new Error('Hey ya!');
            5 |}
            6 |
            7 |try {
            8 |    someFunc();
            9 |}

            at someFunc (some-file:1:1)
            at Object.<anonymous> (some-file:1:1)
            at Object.<anonymous> (some-file:1:1)
    ]]>
    </failure>
  </testcase>
  <testcase classname="First fixture" name="Third test in first fixture" time="74" />
  <testcase classname="Second fixture" name="First test in second fixture" time="74" />
  <testcase classname="Second fixture" name="Second test in second fixture" time="74" />
  <testcase classname="Third fixture" name="First test in third fixture (unstable)" time="74" >
    <failure>
    <![CDATA[
      1) Firefox 47 / Mac OS X 10.10.1
         - Error in beforeEach hook -
         The specified selector does not match any element in the DOM tree.

            1 |var createCallsiteRecord = require('callsite-record');
            2 |
            3 |function someFunc () {
          > 4 |    throw new Error('Hey ya!');
            5 |}
            6 |
            7 |try {
            8 |    someFunc();
            9 |}

            at someFunc (some-file:1:1)
            at Object.<anonymous> (some-file:1:1)
            at Object.<anonymous> (some-file:1:1)
    ]]>
    </failure>
  </testcase>
</testsuite>
