<?xml version="1.0" encoding="UTF-8" ?>
<testsuite name="TestCafe Tests: Chrome, Firefox" tests="6" failures="2" errors="2" time="925" timestamp="Thu, 01 Jan 1970 00:15:25 GMT" >
  <testcase classname="fixture1" name="fixture1test1 (unstable) (screenshots: /screenshots/1445437598847)" time="74" />
  <testcase classname="fixture1" name="fixture1test2 (screenshots: /screenshots/1445437598847)" time="74" >
    <failure>
    <![CDATA[
      1) Chrome
         Assertion failed at step "Step":

             eq(["12345678901"], ["00000000000"])

         Arrays differ at index 0:

         Expected: [0]: "12345678901"
         Actual:   [0]: "00000000000"
                         ^

         Screenshot: /screenshots/1445437598847/userAgent/1.Fail.png

      2) Chrome
         Assertion failed at step "Step":

             notEq("test", "test")

         Expected: not "test"
         Actual:   "test"

      3) Firefox
         Assertion failed at step "Step":

             ok(false)

         Expected: not null, not undefined, not false, not NaN and not ''
         Actual:   false
    ]]>
    </failure>
  </testcase>
  <testcase classname="fixture1" name="fixture1test3" time="74" />
  <testcase classname="fixture2" name="fixture2test1" time="74" />
  <testcase classname="fixture2" name="fixture2test2" time="74" />
  <testcase classname="fixture3" name="fixture3test1 (unstable)" time="74" >
    <failure>
    <![CDATA[
      1) Firefox
         Assertion failed at step "Step":

             eq(["12345678901"], ["00000000000"])

         Arrays differ at index 0:

         Expected: [0]: "12345678901"
         Actual:   [0]: "00000000000"
                         ^
    ]]>
    </failure>
  </testcase>
</testsuite>
